1626816282954	geckodriver	INFO	Listening on 127.0.0.1:48529
1626816282957	mozrunner::runner	INFO	Running command: "/usr/bin/firefox" "--marionette" "-foreground" "-no-remote" "-profile" "/tmp/rust_mozprofileQWOUSk"
1626816283187	Marionette	INFO	Marionette enabled
console.warn: SearchSettings: "get: No settings file exists, new profile?" (new Error("", "(unknown module)"))
1626816284149	Marionette	INFO	Listening on port 46327
1626816284174	Marionette	WARN	TLS certificate errors will be ignored for this session
1626816287317	Marionette	INFO	Stopped listening on port 46327
1626816301035	geckodriver	INFO	Listening on 127.0.0.1:58933
1626816301038	mozrunner::runner	INFO	Running command: "/usr/bin/firefox" "--marionette" "-foreground" "-no-remote" "-profile" "/tmp/rust_mozprofileidBhLN"
1626816301281	Marionette	INFO	Marionette enabled
console.warn: SearchSettings: "get: No settings file exists, new profile?" (new Error("", "(unknown module)"))
1626816302134	Marionette	INFO	Listening on port 46161
1626816302153	Marionette	WARN	TLS certificate errors will be ignored for this session
1626816304071	Marionette	INFO	Stopped listening on port 46161
1626816312806	geckodriver	INFO	Listening on 127.0.0.1:50227
1626816312809	mozrunner::runner	INFO	Running command: "/usr/bin/firefox" "--marionette" "-foreground" "-no-remote" "-profile" "/tmp/rust_mozprofileFJtMGw"
1626816313051	Marionette	INFO	Marionette enabled
console.warn: SearchSettings: "get: No settings file exists, new profile?" (new Error("", "(unknown module)"))
1626816313923	Marionette	INFO	Listening on port 39713
1626816314030	Marionette	WARN	TLS certificate errors will be ignored for this session
1626816316778	Marionette	INFO	Stopped listening on port 39713
IPDL protocol error: Handler returned error code!

###!!! [Parent][DispatchAsyncMessage] Error: PLayerTransaction::Msg_ReleaseLayer Processing error: message was deserialized, but the handler returned false (indicating failure)

IPDL protocol error: Handler returned error code!

###!!! [Parent][DispatchAsyncMessage] Error: PLayerTransaction::Msg_ReleaseLayer Processing error: message was deserialized, but the handler returned false (indicating failure)

IPDL protocol error: Handler returned error code!

###!!! [Parent][DispatchAsyncMessage] Error: PLayerTransaction::Msg_ReleaseLayer Processing error: message was deserialized, but the handler returned false (indicating failure)

IPDL protocol error: Handler returned error code!

###!!! [Parent][DispatchAsyncMessage] Error: PLayerTransaction::Msg_ReleaseLayer Processing error: message was deserialized, but the handler returned false (indicating failure)

IPDL protocol error: Handler returned error code!

###!!! [Parent][DispatchAsyncMessage] Error: PLayerTransaction::Msg_ReleaseLayer Processing error: message was deserialized, but the handler returned false (indicating failure)

IPDL protocol error: Handler returned error code!

###!!! [Parent][DispatchAsyncMessage] Error: PLayerTransaction::Msg_ReleaseLayer Processing error: message was deserialized, but the handler returned false (indicating failure)

IPDL protocol error: Handler returned error code!

###!!! [Parent][DispatchAsyncMessage] Error: PLayerTransaction::Msg_ReleaseLayer Processing error: message was deserialized, but the handler returned false (indicating failure)

IPDL protocol error: Handler returned error code!

###!!! [Parent][DispatchAsyncMessage] Error: PLayerTransaction::Msg_ReleaseLayer Processing error: message was deserialized, but the handler returned false (indicating failure)

IPDL protocol error: Handler returned error code!

###!!! [Parent][DispatchAsyncMessage] Error: PLayerTransaction::Msg_ReleaseLayer Processing error: message was deserialized, but the handler returned false (indicating failure)

IPDL protocol error: Handler returned error code!

###!!! [Parent][DispatchAsyncMessage] Error: PLayerTransaction::Msg_ReleaseLayer Processing error: message was deserialized, but the handler returned false (indicating failure)

IPDL protocol error: Handler returned error code!

###!!! [Parent][DispatchAsyncMessage] Error: PLayerTransaction::Msg_ReleaseLayer Processing error: message was deserialized, but the handler returned false (indicating failure)

IPDL protocol error: Handler returned error code!

###!!! [Parent][DispatchAsyncMessage] Error: PLayerTransaction::Msg_ReleaseLayer Processing error: message was deserialized, but the handler returned false (indicating failure)

IPDL protocol error: Handler returned error code!

###!!! [Parent][DispatchAsyncMessage] Error: PLayerTransaction::Msg_ReleaseLayer Processing error: message was deserialized, but the handler returned false (indicating failure)

IPDL protocol error: Handler returned error code!

###!!! [Parent][DispatchAsyncMessage] Error: PLayerTransaction::Msg_ReleaseLayer Processing error: message was deserialized, but the handler returned false (indicating failure)

IPDL protocol error: Handler returned error code!

###!!! [Parent][DispatchAsyncMessage] Error: PLayerTransaction::Msg_ReleaseLayer Processing error: message was deserialized, but the handler returned false (indicating failure)

JavaScript error: resource://gre/modules/Sqlite.jsm, line 1030: Error: Sqlite.jsm has been shutdown. Cannot open connection to: /tmp/rust_mozprofileFJtMGw/protections.sqlite
1626816324176	geckodriver	INFO	Listening on 127.0.0.1:37877
1626816324179	mozrunner::runner	INFO	Running command: "/usr/bin/firefox" "--marionette" "-foreground" "-no-remote" "-profile" "/tmp/rust_mozprofile4BaqEH"
1626816324409	Marionette	INFO	Marionette enabled
console.warn: SearchSettings: "get: No settings file exists, new profile?" (new Error("", "(unknown module)"))
1626816325271	Marionette	INFO	Listening on port 43655
1626816325291	Marionette	WARN	TLS certificate errors will be ignored for this session
1626816327291	Marionette	INFO	Stopped listening on port 43655
IPDL protocol error: Handler returned error code!

###!!! [Parent][DispatchAsyncMessage] Error: PLayerTransaction::Msg_ReleaseLayer Processing error: message was deserialized, but the handler returned false (indicating failure)

IPDL protocol error: Handler returned error code!

###!!! [Parent][DispatchAsyncMessage] Error: PLayerTransaction::Msg_ReleaseLayer Processing error: message was deserialized, but the handler returned false (indicating failure)

IPDL protocol error: Handler returned error code!

###!!! [Parent][DispatchAsyncMessage] Error: PLayerTransaction::Msg_ReleaseLayer Processing error: message was deserialized, but the handler returned false (indicating failure)

IPDL protocol error: Handler returned error code!

###!!! [Parent][DispatchAsyncMessage] Error: PLayerTransaction::Msg_ReleaseLayer Processing error: message was deserialized, but the handler returned false (indicating failure)

IPDL protocol error: Handler returned error code!

###!!! [Parent][DispatchAsyncMessage] Error: PLayerTransaction::Msg_ReleaseLayer Processing error: message was deserialized, but the handler returned false (indicating failure)

IPDL protocol error: Handler returned error code!

###!!! [Parent][DispatchAsyncMessage] Error: PLayerTransaction::Msg_ReleaseLayer Processing error: message was deserialized, but the handler returned false (indicating failure)

1626816370748	geckodriver	INFO	Listening on 127.0.0.1:36293
1626816370751	mozrunner::runner	INFO	Running command: "/usr/bin/firefox" "--marionette" "-foreground" "-no-remote" "-profile" "/tmp/rust_mozprofile3kwLV4"
1626816370979	Marionette	INFO	Marionette enabled
console.warn: SearchSettings: "get: No settings file exists, new profile?" (new Error("", "(unknown module)"))
1626816372004	Marionette	INFO	Listening on port 41735
1626816372071	Marionette	WARN	TLS certificate errors will be ignored for this session
1626816374918	Marionette	INFO	Stopped listening on port 41735
IPDL protocol error: Handler returned error code!

###!!! [Parent][DispatchAsyncMessage] Error: PLayerTransaction::Msg_ReleaseLayer Processing error: message was deserialized, but the handler returned false (indicating failure)

IPDL protocol error: Handler returned error code!

###!!! [Parent][DispatchAsyncMessage] Error: PLayerTransaction::Msg_ReleaseLayer Processing error: message was deserialized, but the handler returned false (indicating failure)

IPDL protocol error: Handler returned error code!

###!!! [Parent][DispatchAsyncMessage] Error: PLayerTransaction::Msg_ReleaseLayer Processing error: message was deserialized, but the handler returned false (indicating failure)

IPDL protocol error: Handler returned error code!

###!!! [Parent][DispatchAsyncMessage] Error: PLayerTransaction::Msg_ReleaseLayer Processing error: message was deserialized, but the handler returned false (indicating failure)

IPDL protocol error: Handler returned error code!

###!!! [Parent][DispatchAsyncMessage] Error: PLayerTransaction::Msg_ReleaseLayer Processing error: message was deserialized, but the handler returned false (indicating failure)

IPDL protocol error: Handler returned error code!

###!!! [Parent][DispatchAsyncMessage] Error: PLayerTransaction::Msg_ReleaseLayer Processing error: message was deserialized, but the handler returned false (indicating failure)

IPDL protocol error: Handler returned error code!

###!!! [Parent][DispatchAsyncMessage] Error: PLayerTransaction::Msg_ReleaseLayer Processing error: message was deserialized, but the handler returned false (indicating failure)

IPDL protocol error: Handler returned error code!

###!!! [Parent][DispatchAsyncMessage] Error: PLayerTransaction::Msg_ReleaseLayer Processing error: message was deserialized, but the handler returned false (indicating failure)

IPDL protocol error: Handler returned error code!

###!!! [Parent][DispatchAsyncMessage] Error: PLayerTransaction::Msg_ReleaseLayer Processing error: message was deserialized, but the handler returned false (indicating failure)

IPDL protocol error: Handler returned error code!

###!!! [Parent][DispatchAsyncMessage] Error: PLayerTransaction::Msg_ReleaseLayer Processing error: message was deserialized, but the handler returned false (indicating failure)

IPDL protocol error: Handler returned error code!

###!!! [Parent][DispatchAsyncMessage] Error: PLayerTransaction::Msg_ReleaseLayer Processing error: message was deserialized, but the handler returned false (indicating failure)

IPDL protocol error: Handler returned error code!

###!!! [Parent][DispatchAsyncMessage] Error: PLayerTransaction::Msg_ReleaseLayer Processing error: message was deserialized, but the handler returned false (indicating failure)

IPDL protocol error: Handler returned error code!

###!!! [Parent][DispatchAsyncMessage] Error: PLayerTransaction::Msg_ReleaseLayer Processing error: message was deserialized, but the handler returned false (indicating failure)

IPDL protocol error: Handler returned error code!

###!!! [Parent][DispatchAsyncMessage] Error: PLayerTransaction::Msg_ReleaseLayer Processing error: message was deserialized, but the handler returned false (indicating failure)

IPDL protocol error: Handler returned error code!

###!!! [Parent][DispatchAsyncMessage] Error: PLayerTransaction::Msg_ReleaseLayer Processing error: message was deserialized, but the handler returned false (indicating failure)

JavaScript error: resource://gre/modules/Sqlite.jsm, line 1030: Error: Sqlite.jsm has been shutdown. Cannot open connection to: /tmp/rust_mozprofile3kwLV4/protections.sqlite
1626816408172	geckodriver	INFO	Listening on 127.0.0.1:39627
1626816408175	mozrunner::runner	INFO	Running command: "/usr/bin/firefox" "--marionette" "-foreground" "-no-remote" "-profile" "/tmp/rust_mozprofile2znZ15"
1626816408404	Marionette	INFO	Marionette enabled
console.warn: SearchSettings: "get: No settings file exists, new profile?" (new Error("", "(unknown module)"))
1626816409333	Marionette	INFO	Listening on port 35997
1626816409395	Marionette	WARN	TLS certificate errors will be ignored for this session
1626816411162	Marionette	INFO	Stopped listening on port 35997
1626816472517	geckodriver	INFO	Listening on 127.0.0.1:35989
1626816472520	mozrunner::runner	INFO	Running command: "/usr/bin/firefox" "--marionette" "-foreground" "-no-remote" "-profile" "/tmp/rust_mozprofile6jN2bv"
1626816472764	Marionette	INFO	Marionette enabled
console.warn: SearchSettings: "get: No settings file exists, new profile?" (new Error("", "(unknown module)"))
1626816473639	Marionette	INFO	Listening on port 40497
1626816473737	Marionette	WARN	TLS certificate errors will be ignored for this session
1626816475737	Marionette	INFO	Stopped listening on port 40497
1626816488374	geckodriver	INFO	Listening on 127.0.0.1:34469
1626816488376	mozrunner::runner	INFO	Running command: "/usr/bin/firefox" "--marionette" "-foreground" "-no-remote" "-profile" "/tmp/rust_mozprofilemimFCh"
1626816488622	Marionette	INFO	Marionette enabled
console.warn: SearchSettings: "get: No settings file exists, new profile?" (new Error("", "(unknown module)"))
1626816489651	Marionette	INFO	Listening on port 39399
1626816489689	Marionette	WARN	TLS certificate errors will be ignored for this session
1626816491374	Marionette	INFO	Stopped listening on port 39399
1626816503151	geckodriver	INFO	Listening on 127.0.0.1:52435
1626816503153	mozrunner::runner	INFO	Running command: "/usr/bin/firefox" "--marionette" "-foreground" "-no-remote" "-profile" "/tmp/rust_mozprofiletkWOdB"
1626816503396	Marionette	INFO	Marionette enabled
console.warn: SearchSettings: "get: No settings file exists, new profile?" (new Error("", "(unknown module)"))
1626816504400	Marionette	INFO	Listening on port 37131
1626816504468	Marionette	WARN	TLS certificate errors will be ignored for this session
1626816506239	Marionette	INFO	Stopped listening on port 37131
1626816573288	geckodriver	INFO	Listening on 127.0.0.1:58467
1626816573291	mozrunner::runner	INFO	Running command: "/usr/bin/firefox" "--marionette" "-foreground" "-no-remote" "-profile" "/tmp/rust_mozprofileNeEIw2"
1626816573536	Marionette	INFO	Marionette enabled
console.warn: SearchSettings: "get: No settings file exists, new profile?" (new Error("", "(unknown module)"))
1626816574451	Marionette	INFO	Listening on port 32889
1626816574503	Marionette	WARN	TLS certificate errors will be ignored for this session
1626816586270	Marionette	INFO	Stopped listening on port 32889
1626816597538	geckodriver	INFO	Listening on 127.0.0.1:36363
1626816597541	mozrunner::runner	INFO	Running command: "/usr/bin/firefox" "--marionette" "-foreground" "-no-remote" "-profile" "/tmp/rust_mozprofileA9TFX7"
1626816597768	Marionette	INFO	Marionette enabled
console.warn: SearchSettings: "get: No settings file exists, new profile?" (new Error("", "(unknown module)"))
1626816598629	Marionette	INFO	Listening on port 44557
1626816598653	Marionette	WARN	TLS certificate errors will be ignored for this session
1626816611429	Marionette	INFO	Stopped listening on port 44557
1626816631235	geckodriver	INFO	Listening on 127.0.0.1:52765
1626816631238	mozrunner::runner	INFO	Running command: "/usr/bin/firefox" "--marionette" "-foreground" "-no-remote" "-profile" "/tmp/rust_mozprofilekxZzHt"
1626816631482	Marionette	INFO	Marionette enabled
console.warn: SearchSettings: "get: No settings file exists, new profile?" (new Error("", "(unknown module)"))
1626816632437	Marionette	INFO	Listening on port 38853
1626816632452	Marionette	WARN	TLS certificate errors will be ignored for this session
1626816640333	Marionette	INFO	Stopped listening on port 38853
1626816974667	geckodriver	INFO	Listening on 127.0.0.1:34313
1626816974670	mozrunner::runner	INFO	Running command: "/usr/bin/firefox" "--marionette" "-foreground" "-no-remote" "-profile" "/tmp/rust_mozprofileJIqGGH"
1626816974899	Marionette	INFO	Marionette enabled
console.warn: SearchSettings: "get: No settings file exists, new profile?" (new Error("", "(unknown module)"))
1626816975740	Marionette	INFO	Listening on port 37559
1626816975794	Marionette	WARN	TLS certificate errors will be ignored for this session
1626816986768	Marionette	INFO	Stopped listening on port 37559
1626817123429	geckodriver	INFO	Listening on 127.0.0.1:44951
1626817123432	mozrunner::runner	INFO	Running command: "/usr/bin/firefox" "--marionette" "-foreground" "-no-remote" "-profile" "/tmp/rust_mozprofileQFD2xk"
1626817123675	Marionette	INFO	Marionette enabled
console.warn: SearchSettings: "get: No settings file exists, new profile?" (new Error("", "(unknown module)"))
1626817124536	Marionette	INFO	Listening on port 37075
1626817124655	Marionette	WARN	TLS certificate errors will be ignored for this session
1626817131364	Marionette	INFO	Stopped listening on port 37075
1626817188284	geckodriver	INFO	Listening on 127.0.0.1:42137
1626817188287	mozrunner::runner	INFO	Running command: "/usr/bin/firefox" "--marionette" "-foreground" "-no-remote" "-profile" "/tmp/rust_mozprofilep7UJKB"
1626817188512	Marionette	INFO	Marionette enabled
console.warn: SearchSettings: "get: No settings file exists, new profile?" (new Error("", "(unknown module)"))
1626817189406	Marionette	INFO	Listening on port 32881
1626817189507	Marionette	WARN	TLS certificate errors will be ignored for this session
1626817197414	Marionette	INFO	Stopped listening on port 32881
1626817226471	geckodriver	INFO	Listening on 127.0.0.1:49503
1626817226474	mozrunner::runner	INFO	Running command: "/usr/bin/firefox" "--marionette" "-foreground" "-no-remote" "-profile" "/tmp/rust_mozprofileJtGPFP"
1626817226705	Marionette	INFO	Marionette enabled
console.warn: SearchSettings: "get: No settings file exists, new profile?" (new Error("", "(unknown module)"))
1626817227575	Marionette	INFO	Listening on port 32857
1626817227587	Marionette	WARN	TLS certificate errors will be ignored for this session
1626817235453	Marionette	INFO	Stopped listening on port 32857
1626817249262	geckodriver	INFO	Listening on 127.0.0.1:58371
1626817249265	mozrunner::runner	INFO	Running command: "/usr/bin/firefox" "--marionette" "-foreground" "-no-remote" "-profile" "/tmp/rust_mozprofilemA14z2"
1626817249494	Marionette	INFO	Marionette enabled
console.warn: SearchSettings: "get: No settings file exists, new profile?" (new Error("", "(unknown module)"))
1626817250412	Marionette	INFO	Listening on port 35681
1626817250485	Marionette	WARN	TLS certificate errors will be ignored for this session
1626817254593	Marionette	INFO	Stopped listening on port 35681
1626817260502	geckodriver	INFO	Listening on 127.0.0.1:55905
1626817260505	mozrunner::runner	INFO	Running command: "/usr/bin/firefox" "--marionette" "-foreground" "-no-remote" "-profile" "/tmp/rust_mozprofilelZylGI"
1626817260724	Marionette	INFO	Marionette enabled
console.warn: SearchSettings: "get: No settings file exists, new profile?" (new Error("", "(unknown module)"))
1626817261657	Marionette	INFO	Listening on port 45959
1626817261728	Marionette	WARN	TLS certificate errors will be ignored for this session
1626817265001	Marionette	INFO	Stopped listening on port 45959
1626817272303	geckodriver	INFO	Listening on 127.0.0.1:49505
1626817272306	mozrunner::runner	INFO	Running command: "/usr/bin/firefox" "--marionette" "-foreground" "-no-remote" "-profile" "/tmp/rust_mozprofile647c8D"
1626817272532	Marionette	INFO	Marionette enabled
console.warn: SearchSettings: "get: No settings file exists, new profile?" (new Error("", "(unknown module)"))
1626817273412	Marionette	INFO	Listening on port 34635
1626817273528	Marionette	WARN	TLS certificate errors will be ignored for this session
1626817275626	Marionette	INFO	Stopped listening on port 34635
1626817280183	geckodriver	INFO	Listening on 127.0.0.1:46735
1626817280186	mozrunner::runner	INFO	Running command: "/usr/bin/firefox" "--marionette" "-foreground" "-no-remote" "-profile" "/tmp/rust_mozprofilerfE4jY"
1626817280410	Marionette	INFO	Marionette enabled
console.warn: SearchSettings: "get: No settings file exists, new profile?" (new Error("", "(unknown module)"))
1626817281291	Marionette	INFO	Listening on port 33571
1626817281406	Marionette	WARN	TLS certificate errors will be ignored for this session
1626817284901	Marionette	INFO	Stopped listening on port 33571
1626824841316	geckodriver	INFO	Listening on 127.0.0.1:44755
1626824841319	mozrunner::runner	INFO	Running command: "/usr/bin/firefox" "--marionette" "-foreground" "-no-remote" "-profile" "/tmp/rust_mozprofile7VPg7N"
1626824841543	Marionette	INFO	Marionette enabled
console.warn: SearchSettings: "get: No settings file exists, new profile?" (new Error("", "(unknown module)"))
1626824842396	Marionette	INFO	Listening on port 33179
1626824842431	Marionette	WARN	TLS certificate errors will be ignored for this session
1626824845050	Marionette	INFO	Stopped listening on port 33179
1627073989687	geckodriver	INFO	Listening on 127.0.0.1:38573
1627073990689	mozrunner::runner	INFO	Running command: "/usr/bin/firefox" "--marionette" "-foreground" "-no-remote" "-profile" "/tmp/rust_mozprofileCeaK8u"
1627073990944	Marionette	INFO	Marionette enabled
console.warn: SearchSettings: "get: No settings file exists, new profile?" (new Error("", "(unknown module)"))
1627073991819	Marionette	INFO	Listening on port 35985
1627073991909	Marionette	WARN	TLS certificate errors will be ignored for this session
console.error: Region.jsm: "Error fetching region" (new Error("TIMEOUT", "resource://gre/modules/Region.jsm", 772))
console.error: Region.jsm: "Failed to fetch region" (new Error("TIMEOUT", "resource://gre/modules/Region.jsm", 419))
1627074021985	geckodriver	INFO	Listening on 127.0.0.1:44449
1627074021989	mozrunner::runner	INFO	Running command: "/usr/bin/firefox" "--marionette" "-foreground" "-no-remote" "-profile" "/tmp/rust_mozprofileZ3jKhb"
1627074022206	Marionette	INFO	Marionette enabled
console.warn: SearchSettings: "get: No settings file exists, new profile?" (new Error("", "(unknown module)"))
1627074023137	Marionette	INFO	Listening on port 40915
1627074023209	Marionette	WARN	TLS certificate errors will be ignored for this session
1627074177869	geckodriver	INFO	Listening on 127.0.0.1:43489
1627074177872	mozrunner::runner	INFO	Running command: "/usr/bin/firefox" "--marionette" "-foreground" "-no-remote" "-profile" "/tmp/rust_mozprofileKwcXma"
1627074178140	Marionette	INFO	Marionette enabled
console.warn: SearchSettings: "get: No settings file exists, new profile?" (new Error("", "(unknown module)"))
1627074179164	Marionette	INFO	Listening on port 43437
1627074179194	Marionette	WARN	TLS certificate errors will be ignored for this session
1627074203999	geckodriver	INFO	Listening on 127.0.0.1:48469
1627074204003	mozrunner::runner	INFO	Running command: "/usr/bin/firefox" "--marionette" "-foreground" "-no-remote" "-profile" "/tmp/rust_mozprofileudyjQS"
1627074204233	Marionette	INFO	Marionette enabled
console.warn: SearchSettings: "get: No settings file exists, new profile?" (new Error("", "(unknown module)"))
1627074205163	Marionette	INFO	Listening on port 33543
1627074205215	Marionette	WARN	TLS certificate errors will be ignored for this session
1627074236023	Marionette	INFO	Stopped listening on port 33543
1627074242279	Marionette	INFO	Stopped listening on port 43437
1627074374449	geckodriver	INFO	Listening on 127.0.0.1:51373
1627074374454	mozrunner::runner	INFO	Running command: "/usr/bin/firefox" "--marionette" "-foreground" "-no-remote" "-profile" "/tmp/rust_mozprofilew9UZSe"
1627074374678	Marionette	INFO	Marionette enabled
console.warn: SearchSettings: "get: No settings file exists, new profile?" (new Error("", "(unknown module)"))
1627074375590	Marionette	INFO	Listening on port 43937
1627074375668	Marionette	WARN	TLS certificate errors will be ignored for this session
console.log: WebExtensions: reset-default-search: starting.
console.log: WebExtensions: reset-default-search: No addons in our list are installed.
1627074392025	geckodriver	INFO	Listening on 127.0.0.1:46155
1627074392029	mozrunner::runner	INFO	Running command: "/usr/bin/firefox" "--marionette" "-foreground" "-no-remote" "-profile" "/tmp/rust_mozprofile3BmXsb"
1627074392263	Marionette	INFO	Marionette enabled
console.warn: SearchSettings: "get: No settings file exists, new profile?" (new Error("", "(unknown module)"))
1627074393142	Marionette	INFO	Listening on port 37095
1627074393248	Marionette	WARN	TLS certificate errors will be ignored for this session
console.error: Region.jsm: "Error fetching region" (new Error("TIMEOUT", "resource://gre/modules/Region.jsm", 772))
console.error: Region.jsm: "Failed to fetch region" (new Error("TIMEOUT", "resource://gre/modules/Region.jsm", 419))
1627074408947	geckodriver	INFO	Listening on 127.0.0.1:52385
1627074408950	mozrunner::runner	INFO	Running command: "/usr/bin/firefox" "--marionette" "-foreground" "-no-remote" "-profile" "/tmp/rust_mozprofileD3blkt"
1627074409180	Marionette	INFO	Marionette enabled
console.warn: SearchSettings: "get: No settings file exists, new profile?" (new Error("", "(unknown module)"))
1627074410150	Marionette	INFO	Listening on port 42577
1627074410172	Marionette	WARN	TLS certificate errors will be ignored for this session
console.error: Region.jsm: "Error fetching region" (new TypeError("NetworkError when attempting to fetch resource.", ""))
console.error: Region.jsm: "Failed to fetch region" (new Error("NO_RESULT", "resource://gre/modules/Region.jsm", 419))
1627074413445	Marionette	INFO	Stopped listening on port 42577
1627074414711	Marionette	INFO	Stopped listening on port 37095
console.log: WebExtensions: reset-default-search: starting.
console.log: WebExtensions: reset-default-search: No addons in our list are installed.
1627074416162	Marionette	INFO	Stopped listening on port 43937
1627074443501	geckodriver	INFO	Listening on 127.0.0.1:48489
1627074443504	mozrunner::runner	INFO	Running command: "/usr/bin/firefox" "--marionette" "-foreground" "-no-remote" "-profile" "/tmp/rust_mozprofileYCaUy7"
1627074443746	Marionette	INFO	Marionette enabled
console.warn: SearchSettings: "get: No settings file exists, new profile?" (new Error("", "(unknown module)"))
1627074444735	Marionette	INFO	Listening on port 44471
1627074444820	Marionette	WARN	TLS certificate errors will be ignored for this session
1627074463498	geckodriver	INFO	Listening on 127.0.0.1:42593
1627074463501	mozrunner::runner	INFO	Running command: "/usr/bin/firefox" "--marionette" "-foreground" "-no-remote" "-profile" "/tmp/rust_mozprofileM4OfS5"
1627074463733	Marionette	INFO	Marionette enabled
console.warn: SearchSettings: "get: No settings file exists, new profile?" (new Error("", "(unknown module)"))
1627074464625	Marionette	INFO	Listening on port 40195
1627074464719	Marionette	WARN	TLS certificate errors will be ignored for this session
console.error: Region.jsm: "Error fetching region" (new Error("TIMEOUT", "resource://gre/modules/Region.jsm", 772))
console.error: Region.jsm: "Failed to fetch region" (new Error("TIMEOUT", "resource://gre/modules/Region.jsm", 419))
1627074585060	Marionette	INFO	Stopped listening on port 40195
1627074586410	Marionette	INFO	Stopped listening on port 44471
1627074740768	geckodriver	INFO	Listening on 127.0.0.1:45521
1627074740771	mozrunner::runner	INFO	Running command: "/usr/bin/firefox" "--marionette" "-foreground" "-no-remote" "-profile" "/tmp/rust_mozprofilePQ55xu"
1627074741025	Marionette	INFO	Marionette enabled
console.warn: SearchSettings: "get: No settings file exists, new profile?" (new Error("", "(unknown module)"))
1627074741961	Marionette	INFO	Listening on port 39917
1627074741992	Marionette	WARN	TLS certificate errors will be ignored for this session
1627074751268	geckodriver	INFO	Listening on 127.0.0.1:52903
1627074751271	mozrunner::runner	INFO	Running command: "/usr/bin/firefox" "--marionette" "-foreground" "-no-remote" "-profile" "/tmp/rust_mozprofileKn2M2s"
1627074751499	Marionette	INFO	Marionette enabled
console.warn: SearchSettings: "get: No settings file exists, new profile?" (new Error("", "(unknown module)"))
1627074752383	Marionette	INFO	Listening on port 36359
1627074752499	Marionette	WARN	TLS certificate errors will be ignored for this session
1627074764535	Marionette	INFO	Stopped listening on port 36359
1627074765897	Marionette	INFO	Stopped listening on port 39917

###!!! [Parent][RunMessage] Error: Channel closing: too late to send/recv, messages will be lost

1627075176098	Marionette	INFO	Stopped listening on port 40915
1627075180313	Marionette	INFO	Stopped listening on port 35985
1627075205444	geckodriver	INFO	Listening on 127.0.0.1:50583
1627075205447	mozrunner::runner	INFO	Running command: "/usr/bin/firefox" "--marionette" "-foreground" "-no-remote" "-profile" "/tmp/rust_mozprofile5CP1ky"
1627075205677	Marionette	INFO	Marionette enabled
console.warn: SearchSettings: "get: No settings file exists, new profile?" (new Error("", "(unknown module)"))
1627075206552	Marionette	INFO	Listening on port 45723
1627075206664	Marionette	WARN	TLS certificate errors will be ignored for this session
console.error: Region.jsm: "Error fetching region" (new Error("TIMEOUT", "resource://gre/modules/Region.jsm", 772))
console.error: Region.jsm: "Failed to fetch region" (new Error("TIMEOUT", "resource://gre/modules/Region.jsm", 419))
1627075212065	Marionette	INFO	Stopped listening on port 45723
1627075253816	geckodriver	INFO	Listening on 127.0.0.1:42373
1627075253819	mozrunner::runner	INFO	Running command: "/usr/bin/firefox" "--marionette" "-foreground" "-no-remote" "-profile" "/tmp/rust_mozprofileEE7So8"
1627075254061	Marionette	INFO	Marionette enabled
console.warn: SearchSettings: "get: No settings file exists, new profile?" (new Error("", "(unknown module)"))
1627075254989	Marionette	INFO	Listening on port 41611
1627075255031	Marionette	WARN	TLS certificate errors will be ignored for this session
1627075278489	geckodriver	INFO	Listening on 127.0.0.1:40649
1627075278493	mozrunner::runner	INFO	Running command: "/usr/bin/firefox" "--marionette" "-foreground" "-no-remote" "-profile" "/tmp/rust_mozprofileG1B3Iu"
1627075278713	Marionette	INFO	Marionette enabled
console.warn: SearchSettings: "get: No settings file exists, new profile?" (new Error("", "(unknown module)"))
1627075279572	Marionette	INFO	Listening on port 42271
1627075279604	Marionette	WARN	TLS certificate errors will be ignored for this session
console.error: services.settings: 
  main/message-groups Signature failed  TypeError: NetworkError when attempting to fetch resource.
console.error: services.settings: 
  main/fxmonitor-breaches Signature failed  TypeError: NetworkError when attempting to fetch resource.
1627075284049	Marionette	INFO	Stopped listening on port 42271
1627075285671	Marionette	INFO	Stopped listening on port 41611
1627075290184	geckodriver	INFO	Listening on 127.0.0.1:46117
1627075290190	mozrunner::runner	INFO	Running command: "/usr/bin/firefox" "--marionette" "-foreground" "-no-remote" "-profile" "/tmp/rust_mozprofile23KDJP"
1627075290420	Marionette	INFO	Marionette enabled
console.warn: SearchSettings: "get: No settings file exists, new profile?" (new Error("", "(unknown module)"))
1627075291275	Marionette	INFO	Listening on port 32869
1627075291301	Marionette	WARN	TLS certificate errors will be ignored for this session
1627075300320	Marionette	INFO	Stopped listening on port 32869
1627075471854	geckodriver	INFO	Listening on 127.0.0.1:48661
1627075471857	mozrunner::runner	INFO	Running command: "/usr/bin/firefox" "--marionette" "-foreground" "-no-remote" "-profile" "/tmp/rust_mozprofile9B7xkN"
1627075472131	Marionette	INFO	Marionette enabled
console.warn: SearchSettings: "get: No settings file exists, new profile?" (new Error("", "(unknown module)"))
1627075473088	Marionette	INFO	Listening on port 36031
1627075473171	Marionette	WARN	TLS certificate errors will be ignored for this session
console.error: Region.jsm: "Error fetching region" (new Error("TIMEOUT", "resource://gre/modules/Region.jsm", 772))
console.error: Region.jsm: "Failed to fetch region" (new Error("TIMEOUT", "resource://gre/modules/Region.jsm", 419))
1627075555912	Marionette	INFO	Stopped listening on port 36031
1627075565459	geckodriver	INFO	Listening on 127.0.0.1:40969
1627075565462	mozrunner::runner	INFO	Running command: "/usr/bin/firefox" "--marionette" "-foreground" "-no-remote" "-profile" "/tmp/rust_mozprofilefHdluu"
1627075565703	Marionette	INFO	Marionette enabled
console.warn: SearchSettings: "get: No settings file exists, new profile?" (new Error("", "(unknown module)"))
1627075566641	Marionette	INFO	Listening on port 44799
1627075566681	Marionette	WARN	TLS certificate errors will be ignored for this session
1627075579013	Marionette	INFO	Stopped listening on port 44799
1627075613471	geckodriver	INFO	Listening on 127.0.0.1:33363
1627075613474	mozrunner::runner	INFO	Running command: "/usr/bin/firefox" "--marionette" "-foreground" "-no-remote" "-profile" "/tmp/rust_mozprofileekbERP"
1627075613723	Marionette	INFO	Marionette enabled
console.warn: SearchSettings: "get: No settings file exists, new profile?" (new Error("", "(unknown module)"))
1627075614576	Marionette	INFO	Listening on port 38923
1627075614694	Marionette	WARN	TLS certificate errors will be ignored for this session
1627075694546	Marionette	INFO	Stopped listening on port 38923
1627075712884	geckodriver	INFO	Listening on 127.0.0.1:40807
1627075712887	mozrunner::runner	INFO	Running command: "/usr/bin/firefox" "--marionette" "-foreground" "-no-remote" "-profile" "/tmp/rust_mozprofileO4ekyq"
1627075713125	Marionette	INFO	Marionette enabled
console.warn: SearchSettings: "get: No settings file exists, new profile?" (new Error("", "(unknown module)"))
1627075714091	Marionette	INFO	Listening on port 39163
1627075714207	Marionette	WARN	TLS certificate errors will be ignored for this session
1627075742688	Marionette	INFO	Stopped listening on port 39163
1627075941891	geckodriver	INFO	Listening on 127.0.0.1:45155
1627075941895	mozrunner::runner	INFO	Running command: "/usr/bin/firefox" "--marionette" "-foreground" "-no-remote" "-profile" "/tmp/rust_mozprofilekkXHtq"
1627075942135	Marionette	INFO	Marionette enabled
console.warn: SearchSettings: "get: No settings file exists, new profile?" (new Error("", "(unknown module)"))
1627075943073	Marionette	INFO	Listening on port 39417
1627075943108	Marionette	WARN	TLS certificate errors will be ignored for this session
1627076013443	geckodriver	INFO	Listening on 127.0.0.1:34893
1627076013446	mozrunner::runner	INFO	Running command: "/usr/bin/firefox" "--marionette" "-foreground" "-no-remote" "-profile" "/tmp/rust_mozprofileNEvA6J"
1627076013688	Marionette	INFO	Marionette enabled
console.warn: SearchSettings: "get: No settings file exists, new profile?" (new Error("", "(unknown module)"))
1627076014548	Marionette	INFO	Listening on port 34991
1627076014664	Marionette	WARN	TLS certificate errors will be ignored for this session

###!!! [Child][MessageChannel] Error: (msgtype=0x6D0029,name=PNecko::Msg_RemoveRequestContext) Channel closing: too late to send/recv, messages will be lost


###!!! [Child][RunMessage] Error: Channel closing: too late to send/recv, messages will be lost


###!!! [Child][RunMessage] Error: Channel closing: too late to send/recv, messages will be lost


###!!! [Child][RunMessage] Error: Channel closing: too late to send/recv, messages will be lost


###!!! [Child][RunMessage] Error: Channel closing: too late to send/recv, messages will be lost


###!!! [Child][RunMessage] Error: Channel closing: too late to send/recv, messages will be lost


###!!! [Child][RunMessage] Error: Channel closing: too late to send/recv, messages will be lost


###!!! [Child][RunMessage] Error: Channel closing: too late to send/recv, messages will be lost


###!!! [Child][RunMessage] Error: Channel closing: too late to send/recv, messages will be lost

JavaScript error: resource://gre/modules/UrlClassifierListManager.jsm, line 691: TypeError: this.tablesData[table] is undefined
1627076058848	Marionette	INFO	Stopped listening on port 34991
1627076060035	Marionette	INFO	Stopped listening on port 39417
1627076074458	geckodriver	INFO	Listening on 127.0.0.1:33937
1627076074462	mozrunner::runner	INFO	Running command: "/usr/bin/firefox" "--marionette" "-foreground" "-no-remote" "-profile" "/tmp/rust_mozprofileH5tW48"
1627076074705	Marionette	INFO	Marionette enabled
console.warn: SearchSettings: "get: No settings file exists, new profile?" (new Error("", "(unknown module)"))
1627076075730	Marionette	INFO	Listening on port 39297
1627076075773	Marionette	WARN	TLS certificate errors will be ignored for this session
1627076159403	Marionette	INFO	Stopped listening on port 39297
